<?xml version="1.0" encoding="UTF-8"?>
<!-- Generated by org.testng.reporters.JUnitXMLReporter -->
<testsuite ignored="0" hostname="DESKTOP-3LVC8ES" failures="0" tests="4" name="Insurance Details Test" time="89.737" errors="0" timestamp="2021-07-20T18:22:54 IST">
  <testcase classname="TestCase.TravelnsuranceTest" name="InsurancePlanTest" time="26.399"/>
  <testcase classname="TestCase.HealthInsuranceTest" name="HealthInsuranceMenuTest" time="8.616"/>
  <testcase classname="TestCase.CarInsuranceTest" name="CarInsuranceQuoteTest" time="24.131"/>
  <testcase classname="TestCase.CarInsuranceTest" name="CarInsuranceQuoteTest" time="19.742"/>
</testsuite> <!-- Insurance Details Test -->
