<?xml version="1.0" encoding="UTF-8"?>
<!-- Generated by org.testng.reporters.JUnitXMLReporter -->
<testsuite hostname="Cool" ignored="0" name="Policybazaar Test" tests="7" failures="7" timestamp="14 May 2021 08:46:30 GMT" time="3.85" errors="0">
  <testcase name="InsurancePlanTest" time="1.136" classname="TestCase.TravelnsuranceTest">
    <failure type="java.lang.NullPointerException">
      <![CDATA[java.lang.NullPointerException
at BaseClasses.PageBaseClass.takeScreenShotOnFailure(PageBaseClass.java:197)
at TestCase.TravelnsuranceTest.InsurancePlanTest(TravelnsuranceTest.java:71)
... Removed 25 stack frames]]>
    </failure>
  </testcase> <!-- InsurancePlanTest -->
  <testcase name="InsurancePlanTest" time="1.071" classname="TestCase.TravelnsuranceTest">
    <failure type="java.lang.NullPointerException">
      <![CDATA[java.lang.NullPointerException
at BaseClasses.PageBaseClass.takeScreenShotOnFailure(PageBaseClass.java:197)
at TestCase.TravelnsuranceTest.InsurancePlanTest(TravelnsuranceTest.java:71)
... Removed 25 stack frames]]>
    </failure>
  </testcase> <!-- InsurancePlanTest -->
  <testcase name="InsurancePlanTest" time="1.056" classname="TestCase.TravelnsuranceTest">
    <failure type="java.lang.NullPointerException">
      <![CDATA[java.lang.NullPointerException
at BaseClasses.PageBaseClass.takeScreenShotOnFailure(PageBaseClass.java:197)
at TestCase.TravelnsuranceTest.InsurancePlanTest(TravelnsuranceTest.java:71)
... Removed 25 stack frames]]>
    </failure>
  </testcase> <!-- InsurancePlanTest -->
  <testcase name="HealthInsuranceMenuTest" time="0.001" classname="TestCase.HealthInsuranceTest">
    <failure type="java.lang.NullPointerException">
      <![CDATA[java.lang.NullPointerException
at BaseClasses.PageBaseClass.OpenApplication(PageBaseClass.java:43)
at TestCase.HealthInsuranceTest.HealthInsuranceMenuTest(HealthInsuranceTest.java:42)
... Removed 25 stack frames]]>
    </failure>
  </testcase> <!-- HealthInsuranceMenuTest -->
  <testcase name="CarInsuranceQuoteTest" time="0.002" classname="TestCase.CarInsuranceTest">
    <failure type="java.lang.NullPointerException">
      <![CDATA[java.lang.NullPointerException
at BaseClasses.PageBaseClass.takeScreenShotOnFailure(PageBaseClass.java:197)
at TestCase.CarInsuranceTest.CarInsuranceQuoteTest(CarInsuranceTest.java:71)
... Removed 25 stack frames]]>
    </failure>
  </testcase> <!-- CarInsuranceQuoteTest -->
  <testcase name="CarInsuranceQuoteTest" time="0.001" classname="TestCase.CarInsuranceTest">
    <failure type="java.lang.NullPointerException">
      <![CDATA[java.lang.NullPointerException
at BaseClasses.PageBaseClass.takeScreenShotOnFailure(PageBaseClass.java:197)
at TestCase.CarInsuranceTest.CarInsuranceQuoteTest(CarInsuranceTest.java:71)
... Removed 25 stack frames]]>
    </failure>
  </testcase> <!-- CarInsuranceQuoteTest -->
  <testcase name="CarInsuranceQuoteTest" time="0.002" classname="TestCase.CarInsuranceTest">
    <failure type="java.lang.NullPointerException">
      <![CDATA[java.lang.NullPointerException
at BaseClasses.PageBaseClass.takeScreenShotOnFailure(PageBaseClass.java:197)
at TestCase.CarInsuranceTest.CarInsuranceQuoteTest(CarInsuranceTest.java:71)
... Removed 25 stack frames]]>
    </failure>
  </testcase> <!-- CarInsuranceQuoteTest -->
</testsuite> <!-- Policybazaar Test -->
