<?xml version="1.0" encoding="UTF-8"?>
<!-- Generated by org.testng.reporters.JUnitXMLReporter -->
<testsuite ignored="0" hostname="DESKTOP-6CD96NC" failures="0" tests="4" name="Command line test" time="113.232" errors="0" timestamp="18 May 2021 08:57:33 GMT">
  <testcase classname="TestCase.CarInsuranceTest" name="CarInsuranceQuoteTest" time="28.922"/>
  <testcase classname="TestCase.CarInsuranceTest" name="CarInsuranceQuoteTest" time="18.595"/>
  <testcase classname="TestCase.HealthInsuranceTest" name="HealthInsuranceMenuTest" time="9.708"/>
  <testcase classname="TestCase.TravelnsuranceTest" name="InsurancePlanTest" time="27.223"/>
</testsuite> <!-- Command line test -->
