<?xml version="1.0" encoding="UTF-8"?>
<testng-results ignored="0" total="4" passed="4" failed="0" skipped="0">
  <reporter-output>
  </reporter-output>
  <suite started-at="2021-05-18T08:55:40Z" name="Command line suite" finished-at="2021-05-18T08:57:33Z" duration-ms="113232">
    <groups>
      <group name="CarInsurance">
        <method signature="CarInsuranceTest.CarInsuranceQuoteTest(java.util.Hashtable)[pri:0, instance:TestCase.CarInsuranceTest@2805c96b]" name="CarInsuranceQuoteTest" class="TestCase.CarInsuranceTest"/>
      </group> <!-- CarInsurance -->
      <group name="Regression">
        <method signature="HealthInsuranceTest.HealthInsuranceMenuTest()[pri:0, instance:TestCase.HealthInsuranceTest@184cf7cf]" name="HealthInsuranceMenuTest" class="TestCase.HealthInsuranceTest"/>
      </group> <!-- Regression -->
      <group name="Smoke">
        <method signature="TravelnsuranceTest.InsurancePlanTest(java.util.Hashtable)[pri:0, instance:TestCase.TravelnsuranceTest@2fd6b6c7]" name="InsurancePlanTest" class="TestCase.TravelnsuranceTest"/>
      </group> <!-- Smoke -->
      <group name="Default">
        <method signature="CarInsuranceTest.CarInsuranceQuoteTest(java.util.Hashtable)[pri:0, instance:TestCase.CarInsuranceTest@2805c96b]" name="CarInsuranceQuoteTest" class="TestCase.CarInsuranceTest"/>
      </group> <!-- Default -->
      <group name="HealthInsurance">
        <method signature="HealthInsuranceTest.HealthInsuranceMenuTest()[pri:0, instance:TestCase.HealthInsuranceTest@184cf7cf]" name="HealthInsuranceMenuTest" class="TestCase.HealthInsuranceTest"/>
      </group> <!-- HealthInsurance -->
      <group name="InsurancePlan">
        <method signature="TravelnsuranceTest.InsurancePlanTest(java.util.Hashtable)[pri:0, instance:TestCase.TravelnsuranceTest@2fd6b6c7]" name="InsurancePlanTest" class="TestCase.TravelnsuranceTest"/>
      </group> <!-- InsurancePlan -->
    </groups>
    <test started-at="2021-05-18T08:55:40Z" name="Command line test" finished-at="2021-05-18T08:57:33Z" duration-ms="113232">
      <class name="TestCase.CarInsuranceTest">
        <test-method is-config="true" signature="openBrowser()[pri:0, instance:TestCase.CarInsuranceTest@2805c96b]" started-at="2021-05-18T08:55:40Z" name="openBrowser" finished-at="2021-05-18T08:55:48Z" duration-ms="7560" status="PASS">
          <reporter-output>
          </reporter-output>
        </test-method> <!-- openBrowser -->
        <test-method signature="CarInsuranceQuoteTest(java.util.Hashtable)[pri:0, instance:TestCase.CarInsuranceTest@2805c96b]" started-at="2021-05-18T08:55:51Z" name="CarInsuranceQuoteTest" data-provider="getCarInsuranceTestData" finished-at="2021-05-18T08:56:20Z" duration-ms="28922" status="PASS">
          <params>
            <param index="0">
              <value>
                <![CDATA[{Car Brand=HONDA, Username=Arun, Comments=Email or Phone number is invalid, Email=arun@gmail.com, Fuel Type=Petrol, Number=525222, Car Variant=V6 AUTO TRANSMISSION, Test Ststus=Pass, City=TN01-CHENNAI, Reg Year=2015, Test ID=1}]]>
              </value>
            </param>
          </params>
          <reporter-output>
          </reporter-output>
        </test-method> <!-- CarInsuranceQuoteTest -->
        <test-method signature="CarInsuranceQuoteTest(java.util.Hashtable)[pri:0, instance:TestCase.CarInsuranceTest@2805c96b]" started-at="2021-05-18T08:56:20Z" name="CarInsuranceQuoteTest" data-provider="getCarInsuranceTestData" finished-at="2021-05-18T08:56:38Z" duration-ms="18595" status="PASS">
          <params>
            <param index="0">
              <value>
                <![CDATA[{Car Brand=RENAULT, Username=Guna, Comments=Email or Phone number is invalid, Email=gunagmail, Fuel Type=Diesel, Number=8181818181, Car Variant=1.5 PLATINE MONO (1461 cc), Test Ststus=Pass, City=AP01-MANCHERYAL, Reg Year=2000, Test ID=2}]]>
              </value>
            </param>
          </params>
          <reporter-output>
          </reporter-output>
        </test-method> <!-- CarInsuranceQuoteTest -->
        <test-method is-config="true" signature="flushReport()[pri:0, instance:TestCase.CarInsuranceTest@2805c96b]" started-at="2021-05-18T08:56:38Z" name="flushReport" finished-at="2021-05-18T08:56:43Z" duration-ms="4607" status="PASS">
          <reporter-output>
          </reporter-output>
        </test-method> <!-- flushReport -->
      </class> <!-- TestCase.CarInsuranceTest -->
      <class name="TestCase.HealthInsuranceTest">
        <test-method is-config="true" signature="openBrowser()[pri:0, instance:TestCase.HealthInsuranceTest@184cf7cf]" started-at="2021-05-18T08:56:43Z" name="openBrowser" finished-at="2021-05-18T08:56:46Z" duration-ms="2660" status="PASS">
          <reporter-output>
          </reporter-output>
        </test-method> <!-- openBrowser -->
        <test-method signature="HealthInsuranceMenuTest()[pri:0, instance:TestCase.HealthInsuranceTest@184cf7cf]" started-at="2021-05-18T08:56:46Z" name="HealthInsuranceMenuTest" finished-at="2021-05-18T08:56:55Z" duration-ms="9708" status="PASS">
          <reporter-output>
          </reporter-output>
        </test-method> <!-- HealthInsuranceMenuTest -->
        <test-method is-config="true" signature="flushReport()[pri:0, instance:TestCase.HealthInsuranceTest@184cf7cf]" started-at="2021-05-18T08:56:55Z" name="flushReport" finished-at="2021-05-18T08:56:59Z" duration-ms="4253" status="PASS">
          <reporter-output>
          </reporter-output>
        </test-method> <!-- flushReport -->
      </class> <!-- TestCase.HealthInsuranceTest -->
      <class name="TestCase.TravelnsuranceTest">
        <test-method is-config="true" signature="openBrowser()[pri:0, instance:TestCase.TravelnsuranceTest@2fd6b6c7]" started-at="2021-05-18T08:56:59Z" name="openBrowser" finished-at="2021-05-18T08:57:00Z" duration-ms="1002" status="PASS">
          <reporter-output>
          </reporter-output>
        </test-method> <!-- openBrowser -->
        <test-method signature="InsurancePlanTest(java.util.Hashtable)[pri:0, instance:TestCase.TravelnsuranceTest@2fd6b6c7]" started-at="2021-05-18T08:57:02Z" name="InsurancePlanTest" data-provider="getInsurancePlanTestData" finished-at="2021-05-18T08:57:29Z" duration-ms="27223" status="PASS">
          <params>
            <param index="0">
              <value>
                <![CDATA[{Destination=British Indian Ocean Territory, Number Prefix=INDIA (+91), Start Date=05/07/21, Comments=Displayed three lowest international travel insurance plan, Email=arun@gmail.com, Name=Arun, Name Prefix=Mr., Number=8181818181, End Date=30/05/22, Test Ststus=Pass, Age=21,22, Test ID=1}]]>
              </value>
            </param>
          </params>
          <reporter-output>
          </reporter-output>
        </test-method> <!-- InsurancePlanTest -->
        <test-method is-config="true" signature="flushReport()[pri:0, instance:TestCase.TravelnsuranceTest@2fd6b6c7]" started-at="2021-05-18T08:57:29Z" name="flushReport" finished-at="2021-05-18T08:57:33Z" duration-ms="4192" status="PASS">
          <reporter-output>
          </reporter-output>
        </test-method> <!-- flushReport -->
      </class> <!-- TestCase.TravelnsuranceTest -->
    </test> <!-- Command line test -->
  </suite> <!-- Command line suite -->
</testng-results>
